<?xml version="1.0" encoding="UTF-8"?>
<testng-results ignored="0" total="1" passed="1" failed="0" skipped="0">
  <reporter-output>
  </reporter-output>
  <suite started-at="2023-10-02T20:04:54 EDT" name="Default suite" finished-at="2023-10-02T20:05:05 EDT" duration-ms="10326">
    <groups>
      <group name="cucumber">
        <method signature="AbstractTestNGCucumberTests.feature(cucumber.api.testng.CucumberFeatureWrapper)[pri:0, instance:Macy_TestRunner.Macy_TestRunner@4e5ed836]" name="feature" class="cucumber.api.testng.AbstractTestNGCucumberTests"/>
      </group> <!-- cucumber -->
    </groups>
    <test started-at="2023-10-02T20:04:54 EDT" name="Default test" finished-at="2023-10-02T20:05:05 EDT" duration-ms="10326">
      <class name="Macy_TestRunner.Macy_TestRunner">
        <test-method is-config="true" signature="macStartURL()[pri:0, instance:Macy_TestRunner.Macy_TestRunner@4e5ed836]" started-at="2023-10-02T20:04:54 EDT" name="macStartURL" finished-at="2023-10-02T20:04:58 EDT" duration-ms="3856" status="PASS">
          <reporter-output>
          </reporter-output>
        </test-method> <!-- macStartURL -->
        <test-method is-config="true" signature="setUpClass()[pri:0, instance:Macy_TestRunner.Macy_TestRunner@4e5ed836]" started-at="2023-10-02T20:04:58 EDT" name="setUpClass" finished-at="2023-10-02T20:04:58 EDT" duration-ms="143" status="PASS">
          <reporter-output>
          </reporter-output>
        </test-method> <!-- setUpClass -->
        <test-method signature="feature(cucumber.api.testng.CucumberFeatureWrapper)[pri:0, instance:Macy_TestRunner.Macy_TestRunner@4e5ed836]" started-at="2023-10-02T20:04:58 EDT" name="feature" description="Runs Cucumber Feature" data-provider="features" finished-at="2023-10-02T20:05:04 EDT" duration-ms="5887" status="PASS">
          <params>
            <param index="0">
              <value>
                <![CDATA[This is a feature for search functionality]]>
              </value>
            </param>
          </params>
          <reporter-output>
          </reporter-output>
        </test-method> <!-- feature -->
        <test-method is-config="true" signature="tearDownClass()[pri:0, instance:Macy_TestRunner.Macy_TestRunner@4e5ed836]" started-at="2023-10-02T20:05:04 EDT" name="tearDownClass" finished-at="2023-10-02T20:05:04 EDT" duration-ms="19" status="PASS">
          <reporter-output>
          </reporter-output>
        </test-method> <!-- tearDownClass -->
        <test-method is-config="true" signature="macCloseURL()[pri:0, instance:Macy_TestRunner.Macy_TestRunner@4e5ed836]" started-at="2023-10-02T20:05:04 EDT" name="macCloseURL" finished-at="2023-10-02T20:05:05 EDT" duration-ms="308" status="PASS">
          <reporter-output>
          </reporter-output>
        </test-method> <!-- macCloseURL -->
      </class> <!-- Macy_TestRunner.Macy_TestRunner -->
    </test> <!-- Default test -->
  </suite> <!-- Default suite -->
</testng-results>
